====================
Failed Test: Section 10 Pattern
Moves: 1172
Reason: Too many moves (1172 > 700)
Sequence: 97 89 83 79 73 71 67 61 59 53 47 43 41 37 31 29 23 52 17 66 77 78 87 88 93 98 90 84 80 74 72 68 62 60 54 48 44 42 38 32 30 24 20 18 14 12 8 6 4 94 99 91 85 81 75 70 69 63 58 55 49 45 40 39 33 28 25 21 15 10 9 0 96 92 86 82 76 65 64 57 56 51 50 46 36 35 34 27 26 22 95 16 13 11 7 5 3 2 1
Time: Sun Feb  9 17:03:10 CET 2025
====================

====================
Failed Test: Section 11 Pattern
Moves: 1016
Reason: Too many moves (1016 > 700)
Sequence: 99 97 95 93 91 89 87 85 83 81 79 77 75 73 71 69 67 65 63 61 98 96 94 92 90 88 86 84 82 80 78 76 74 72 70 68 66 64 62 60 50 48 46 44 42 40 38 36 34 32 49 47 45 43 41 39 37 35 33 31 20 18 16 14 12 10 8 6 4 2 19 17 15 13 11 9 7 5 3 1 59 57 55 53 51 30 28 26 24 22 58 56 54 52 29 27 25 23 21 0
Time: Sun Feb  9 17:03:10 CET 2025
====================

====================
Failed Test: Section 14 Pattern
Moves: 910
Reason: Too many moves (910 > 700)
Sequence: 99 95 91 87 83 79 75 71 67 63 98 94 90 86 82 78 74 70 66 62 97 93 89 85 81 77 73 69 65 61 96 92 88 84 80 76 72 68 64 60 49 45 41 37 33 29 25 21 17 13 48 44 40 36 32 28 24 20 16 12 47 43 39 35 31 27 23 19 15 11 46 42 38 34 30 26 22 18 14 10 59 55 51 9 5 58 54 50 8 4 57 53 52 7 3 56 6 2 1 0
Time: Sun Feb  9 17:03:10 CET 2025
====================

====================
Failed Test: Section 15 Pattern
Moves: 846
Reason: Too many moves (846 > 700)
Sequence: 99 97 95 93 91 89 87 85 83 81 98 96 94 92 90 88 86 84 82 80 79 77 75 73 71 69 67 65 63 61 78 76 74 72 70 68 66 64 62 60 59 57 55 53 51 49 47 45 43 41 58 56 54 52 50 48 46 44 42 40 39 37 35 33 31 29 27 25 23 21 38 36 34 32 30 28 26 24 22 20 19 17 15 13 11 9 7 5 3 1 18 16 14 12 10 8 6 4 2 0
Time: Sun Feb  9 17:03:10 CET 2025
====================

====================
Failed Test: Section 17 Pattern
Moves: 809
Reason: Too many moves (809 > 700)
Sequence: 96 98 94 99 92 97 90 95 88 93 86 91 84 89 82 87 80 85 78 83 76 81 74 79 72 77 70 75 68 73 66 71 64 69 62 67 60 65 58 63 56 61 54 59 52 57 50 55 48 53 46 51 44 49 42 47 40 45 38 43 36 41 34 39 32 37 30 35 28 33 26 31 24 29 22 27 20 25 18 23 16 21 14 19 12 17 10 15 8 13 6 11 4 9 2 7 0 5 1 3
Time: Sun Feb  9 17:03:10 CET 2025
====================

====================
Failed Test: Section 18 Pattern
Moves: 810
Reason: Too many moves (810 > 700)
Sequence: 99 48 97 46 95 44 93 42 91 40 89 38 87 36 85 34 83 32 81 30 79 28 77 26 75 24 73 22 71 20 69 18 67 16 65 14 63 12 61 10 59 8 57 6 55 4 53 2 51 0 98 47 96 45 94 43 92 41 90 39 88 37 86 35 84 33 82 31 80 29 78 27 76 25 74 23 72 21 70 19 68 17 66 15 64 13 62 11 60 9 58 7 56 5 54 3 52 1 50 49
Time: Sun Feb  9 17:03:10 CET 2025
====================

